<?xml version="1.0" encoding="UTF-8"?>
<!-- Generated by org.testng.reporters.JUnitReportReporter -->
<testsuite hostname="DESKTOP-78VU4SS" failures="0" tests="1" name="TestNG_Utilities.Utilities" time="0.371" errors="0" timestamp="2023-10-14T14:51:05 BDT" skipped="0">
  <testcase classname="TestNG_Utilities.Utilities" name="f" time="0.371"/>
</testsuite> <!-- TestNG_Utilities.Utilities -->
