<?xml version="1.0" encoding="UTF-8"?>
<!-- Generated by org.testng.reporters.JUnitReportReporter -->
<testsuite hostname="DESKTOP-78VU4SS" failures="0" tests="1" name="testNG.Registration" time="3.353" errors="0" timestamp="2023-10-16T21:28:00 BDT" skipped="0">
  <testcase classname="testNG.Registration" name="f" time="3.353"/>
</testsuite> <!-- testNG.Registration -->
